<?xml version="1.0" encoding="UTF-8"?>
<testng-results ignored="0" total="2" passed="2" failed="0" skipped="0">
  <reporter-output>
  </reporter-output>
  <suite started-at="2025-06-15T10:08:01 IST" name="Suite" finished-at="2025-06-15T10:08:14 IST" duration-ms="12696">
    <groups>
    </groups>
    <test started-at="2025-06-15T10:08:01 IST" name="chromeTest" finished-at="2025-06-15T10:08:07 IST" duration-ms="5894">
      <class name="testscriptforgrocery.Managenewstest">
        <test-method is-config="true" signature="beforeMethod(java.lang.String)[pri:0, instance:testscriptforgrocery.Managenewstest@41d477ed]" started-at="2025-06-15T10:08:01 IST" name="beforeMethod" finished-at="2025-06-15T10:08:04 IST" duration-ms="3004" status="PASS">
          <params>
            <param index="0">
              <value>
                <![CDATA[chrome]]>
              </value>
            </param>
          </params>
          <reporter-output>
          </reporter-output>
        </test-method> <!-- beforeMethod -->
        <test-method signature="testManageNews()[pri:0, instance:testscriptforgrocery.Managenewstest@41d477ed]" started-at="2025-06-15T10:08:04 IST" name="testManageNews" finished-at="2025-06-15T10:08:07 IST" duration-ms="2823" status="PASS">
          <reporter-output>
          </reporter-output>
        </test-method> <!-- testManageNews -->
        <test-method is-config="true" signature="afterMethod()[pri:0, instance:testscriptforgrocery.Managenewstest@41d477ed]" started-at="2025-06-15T10:08:07 IST" name="afterMethod" finished-at="2025-06-15T10:08:07 IST" duration-ms="2" status="PASS">
          <reporter-output>
          </reporter-output>
        </test-method> <!-- afterMethod -->
      </class> <!-- testscriptforgrocery.Managenewstest -->
    </test> <!-- chromeTest -->
    <test started-at="2025-06-15T10:08:07 IST" name="edgeTest" finished-at="2025-06-15T10:08:14 IST" duration-ms="6608">
      <class name="testscriptforgrocery.Managenewstest">
        <test-method is-config="true" signature="beforeMethod(java.lang.String)[pri:0, instance:testscriptforgrocery.Managenewstest@510f3d34]" started-at="2025-06-15T10:08:07 IST" name="beforeMethod" finished-at="2025-06-15T10:08:11 IST" duration-ms="4244" status="PASS">
          <params>
            <param index="0">
              <value>
                <![CDATA[edge]]>
              </value>
            </param>
          </params>
          <reporter-output>
          </reporter-output>
        </test-method> <!-- beforeMethod -->
        <test-method signature="testManageNews()[pri:0, instance:testscriptforgrocery.Managenewstest@510f3d34]" started-at="2025-06-15T10:08:11 IST" name="testManageNews" finished-at="2025-06-15T10:08:14 IST" duration-ms="2349" status="PASS">
          <reporter-output>
          </reporter-output>
        </test-method> <!-- testManageNews -->
        <test-method is-config="true" signature="afterMethod()[pri:0, instance:testscriptforgrocery.Managenewstest@510f3d34]" started-at="2025-06-15T10:08:14 IST" name="afterMethod" finished-at="2025-06-15T10:08:14 IST" duration-ms="3" status="PASS">
          <reporter-output>
          </reporter-output>
        </test-method> <!-- afterMethod -->
      </class> <!-- testscriptforgrocery.Managenewstest -->
    </test> <!-- edgeTest -->
  </suite> <!-- Suite -->
</testng-results>
