<?xml version="1.0" encoding="UTF-8"?>
<testng-results ignored="0" total="1" passed="1" failed="0" skipped="0">
  <reporter-output>
  </reporter-output>
  <suite started-at="2025-06-18T15:17:35 IST" name="Grouping" finished-at="2025-06-18T15:17:53 IST" duration-ms="17871">
    <groups>
      <group name="Regression">
        <method signature="Logintestgrocery.verifyloginforgrocery()[pri:0, instance:testscriptforgrocery.Logintestgrocery@34e9fd99]" name="verifyloginforgrocery" class="testscriptforgrocery.Logintestgrocery"/>
      </group> <!-- Regression -->
    </groups>
    <test started-at="2025-06-18T15:17:35 IST" name="grouping.xml" finished-at="2025-06-18T15:17:53 IST" duration-ms="17871">
      <class name="testscriptforgrocery.Logintestgrocery">
        <test-method is-config="true" signature="beforeMethod(java.lang.String)[pri:0, instance:testscriptforgrocery.Logintestgrocery@34e9fd99]" started-at="2025-06-18T15:17:35 IST" name="beforeMethod" finished-at="2025-06-18T15:17:51 IST" duration-ms="15796" status="PASS">
          <params>
            <param index="0">
              <value>
                <![CDATA[chrome]]>
              </value>
            </param>
          </params>
          <reporter-output>
          </reporter-output>
        </test-method> <!-- beforeMethod -->
        <test-method signature="verifyloginforgrocery()[pri:0, instance:testscriptforgrocery.Logintestgrocery@34e9fd99]" started-at="2025-06-18T15:17:51 IST" name="verifyloginforgrocery" finished-at="2025-06-18T15:17:53 IST" duration-ms="2006" status="PASS">
          <reporter-output>
          </reporter-output>
        </test-method> <!-- verifyloginforgrocery -->
      </class> <!-- testscriptforgrocery.Logintestgrocery -->
    </test> <!-- grouping.xml -->
  </suite> <!-- Grouping -->
</testng-results>
